<?xml version="1.0" encoding="UTF-8"?>
<testng-results ignored="0" total="5" passed="5" failed="0" skipped="0">
  <reporter-output>
  </reporter-output>
  <suite started-at="2022-10-25T01:36:18 IST" name="Suite" finished-at="2022-10-25T01:36:59 IST" duration-ms="41808">
    <groups>
    </groups>
    <test started-at="2022-10-25T01:36:18 IST" name="Test" finished-at="2022-10-25T01:36:59 IST" duration-ms="41808">
      <class name="testPackage.ComposeEmailTest">
        <test-method is-config="true" signature="beforeClass()[pri:0, instance:testPackage.ComposeEmailTest@6e6f2380]" started-at="2022-10-25T01:36:18 IST" name="beforeClass" finished-at="2022-10-25T01:36:33 IST" duration-ms="14938" status="PASS">
          <reporter-output>
          </reporter-output>
        </test-method> <!-- beforeClass -->
        <test-method signature="sendEmail()[pri:1, instance:testPackage.ComposeEmailTest@6e6f2380]" started-at="2022-10-25T01:36:33 IST" name="sendEmail" finished-at="2022-10-25T01:36:40 IST" duration-ms="7390" status="PASS">
          <reporter-output>
          </reporter-output>
        </test-method> <!-- sendEmail -->
        <test-method signature="sendPassword()[pri:2, instance:testPackage.ComposeEmailTest@6e6f2380]" started-at="2022-10-25T01:36:40 IST" name="sendPassword" finished-at="2022-10-25T01:36:46 IST" duration-ms="5681" status="PASS">
          <reporter-output>
          </reporter-output>
        </test-method> <!-- sendPassword -->
        <test-method signature="clickOnCompose()[pri:3, instance:testPackage.ComposeEmailTest@6e6f2380]" started-at="2022-10-25T01:36:46 IST" name="clickOnCompose" finished-at="2022-10-25T01:36:56 IST" duration-ms="10570" status="PASS">
          <reporter-output>
          </reporter-output>
        </test-method> <!-- clickOnCompose -->
        <test-method signature="sendBodyCredentials()[pri:4, instance:testPackage.ComposeEmailTest@6e6f2380]" started-at="2022-10-25T01:36:56 IST" name="sendBodyCredentials" finished-at="2022-10-25T01:36:59 IST" duration-ms="2640" status="PASS">
          <reporter-output>
          </reporter-output>
        </test-method> <!-- sendBodyCredentials -->
        <test-method signature="sendSubjectCredentials()[pri:5, instance:testPackage.ComposeEmailTest@6e6f2380]" started-at="2022-10-25T01:36:59 IST" name="sendSubjectCredentials" finished-at="2022-10-25T01:36:59 IST" duration-ms="406" status="PASS">
          <reporter-output>
          </reporter-output>
        </test-method> <!-- sendSubjectCredentials -->
      </class> <!-- testPackage.ComposeEmailTest -->
    </test> <!-- Test -->
  </suite> <!-- Suite -->
</testng-results>
