<?xml version="1.0" encoding="UTF-8"?>
<!-- Generated by org.testng.reporters.JUnitXMLReporter -->
<testsuite ignored="0" hostname="shubham-pc" failures="0" tests="5" name="Default test" time="39.814" errors="0" timestamp="2022-10-25T02:08:42 IST">
  <testcase classname="testPackage.ComposeEmailTest" name="sendEmail" time="7.205"/>
  <testcase classname="testPackage.ComposeEmailTest" name="sendPassword" time="5.568"/>
  <testcase classname="testPackage.ComposeEmailTest" name="clickOnCompose" time="10.514"/>
  <testcase classname="testPackage.ComposeEmailTest" name="sendBodyCredentials" time="5.279"/>
  <testcase classname="testPackage.ComposeEmailTest" name="sendSubjectCredentials" time="0.433"/>
</testsuite> <!-- Default test -->
