<?xml version="1.0" encoding="UTF-8"?>
<!-- Generated by org.testng.reporters.JUnitXMLReporter -->
<testsuite ignored="0" hostname="shubham-pc" failures="0" tests="5" name="Test" time="41.808" errors="0" timestamp="2022-10-25T01:36:59 IST">
  <testcase classname="testPackage.ComposeEmailTest" name="sendEmail" time="7.39"/>
  <testcase classname="testPackage.ComposeEmailTest" name="sendPassword" time="5.681"/>
  <testcase classname="testPackage.ComposeEmailTest" name="clickOnCompose" time="10.57"/>
  <testcase classname="testPackage.ComposeEmailTest" name="sendBodyCredentials" time="2.64"/>
  <testcase classname="testPackage.ComposeEmailTest" name="sendSubjectCredentials" time="0.406"/>
</testsuite> <!-- Test -->
