<?xml version="1.0" encoding="UTF-8"?>
<testng-results ignored="0" total="5" passed="5" failed="0" skipped="0">
  <reporter-output>
  </reporter-output>
  <suite started-at="2022-10-25T02:08:02 IST" name="Default suite" finished-at="2022-10-25T02:08:42 IST" duration-ms="39814">
    <groups>
    </groups>
    <test started-at="2022-10-25T02:08:02 IST" name="Default test" finished-at="2022-10-25T02:08:42 IST" duration-ms="39814">
      <class name="testPackage.ComposeEmailTest">
        <test-method is-config="true" signature="beforeClass()[pri:0, instance:testPackage.ComposeEmailTest@7ef82753]" started-at="2022-10-25T02:08:03 IST" name="beforeClass" finished-at="2022-10-25T02:08:13 IST" duration-ms="10606" status="PASS">
          <reporter-output>
          </reporter-output>
        </test-method> <!-- beforeClass -->
        <test-method signature="sendEmail()[pri:1, instance:testPackage.ComposeEmailTest@7ef82753]" started-at="2022-10-25T02:08:13 IST" name="sendEmail" finished-at="2022-10-25T02:08:20 IST" duration-ms="7205" status="PASS">
          <reporter-output>
          </reporter-output>
        </test-method> <!-- sendEmail -->
        <test-method signature="sendPassword()[pri:2, instance:testPackage.ComposeEmailTest@7ef82753]" started-at="2022-10-25T02:08:20 IST" name="sendPassword" finished-at="2022-10-25T02:08:26 IST" duration-ms="5568" status="PASS">
          <reporter-output>
          </reporter-output>
        </test-method> <!-- sendPassword -->
        <test-method signature="clickOnCompose()[pri:3, instance:testPackage.ComposeEmailTest@7ef82753]" started-at="2022-10-25T02:08:26 IST" name="clickOnCompose" finished-at="2022-10-25T02:08:36 IST" duration-ms="10514" status="PASS">
          <reporter-output>
          </reporter-output>
        </test-method> <!-- clickOnCompose -->
        <test-method signature="sendBodyCredentials()[pri:4, instance:testPackage.ComposeEmailTest@7ef82753]" started-at="2022-10-25T02:08:37 IST" name="sendBodyCredentials" finished-at="2022-10-25T02:08:42 IST" duration-ms="5279" status="PASS">
          <reporter-output>
          </reporter-output>
        </test-method> <!-- sendBodyCredentials -->
        <test-method signature="sendSubjectCredentials()[pri:5, instance:testPackage.ComposeEmailTest@7ef82753]" started-at="2022-10-25T02:08:42 IST" name="sendSubjectCredentials" finished-at="2022-10-25T02:08:42 IST" duration-ms="433" status="PASS">
          <reporter-output>
          </reporter-output>
        </test-method> <!-- sendSubjectCredentials -->
      </class> <!-- testPackage.ComposeEmailTest -->
    </test> <!-- Default test -->
  </suite> <!-- Default suite -->
</testng-results>
